start - <-1;-1>
integer - <-1;-1>
id - <7;0>
read - <-1;-1>
( - <-1;-1>
id - <7;0>
) - <-1;-1>
integer - <-1;-1>
id - <11;0>
id - <11;0>
= - <-1;-1>
const - <0;0>
for - <-1;-1>
( - <-1;-1>
integer - <-1;-1>
id - <15;0>
= - <-1;-1>
const - <1;0>
; - <-1;-1>
id - <15;0>
< - <-1;-1>
id - <7;0>
; - <-1;-1>
id - <15;0>
= - <-1;-1>
id - <15;0>
+ - <-1;-1>
const - <1;0>
) - <-1;-1>
{ - <-1;-1>
id - <11;0>
= - <-1;-1>
id - <11;0>
+ - <-1;-1>
id - <15;0>
} - <-1;-1>
print - <-1;-1>
( - <-1;-1>
id - <11;0>
) - <-1;-1>
