start - <-1;-1>
arr - <-1;-1>
< - <-1;-1>
integer - <-1;-1>
> - <-1;-1>
id - <7;0>
[ - <-1;-1>
const - <10;0>
] - <-1;-1>
; - <-1;-1>
integer - <-1;-1>
id - <22;0>
, - <-1;-1>
id - <20;0>
; - <-1;-1>
read - <-1;-1>
( - <-1;-1>
id - <20;0>
) - <-1;-1>
; - <-1;-1>
id - <22;0>
= - <-1;-1>
const - <0;0>
; - <-1;-1>
for - <-1;-1>
( - <-1;-1>
integer - <-1;-1>
id - <15;0>
= - <-1;-1>
const - <0;0>
; - <-1;-1>
id - <15;0>
< - <-1;-1>
id - <20;0>
; - <-1;-1>
id - <15;0>
= - <-1;-1>
id - <15;0>
+ - <-1;-1>
const - <1;0>
) - <-1;-1>
{ - <-1;-1>
read - <-1;-1>
( - <-1;-1>
id - <7;0>
[ - <-1;-1>
id - <15;0>
] - <-1;-1>
) - <-1;-1>
; - <-1;-1>
} - <-1;-1>
for - <-1;-1>
( - <-1;-1>
integer - <-1;-1>
id - <15;0>
= - <-1;-1>
const - <0;0>
; - <-1;-1>
id - <15;0>
< - <-1;-1>
id - <20;0>
; - <-1;-1>
id - <15;0>
= - <-1;-1>
id - <15;0>
+ - <-1;-1>
const - <1;0>
) - <-1;-1>
{ - <-1;-1>
if - <-1;-1>
( - <-1;-1>
id - <7;0>
[ - <-1;-1>
id - <15;0>
] - <-1;-1>
% - <-1;-1>
const - <2;0>
== - <-1;-1>
const - <0;0>
) - <-1;-1>
{ - <-1;-1>
id - <22;0>
= - <-1;-1>
id - <22;0>
+ - <-1;-1>
const - <1;0>
; - <-1;-1>
} - <-1;-1>
} - <-1;-1>
print - <-1;-1>
( - <-1;-1>
const - <8;0>
) - <-1;-1>
print - <-1;-1>
( - <-1;-1>
id - <22;0>
) - <-1;-1>
; - <-1;-1>
