start - <-1;-1>
integer - <-1;-1>
id - <7;0>
, - <-1;-1>
id - <8;0>
; - <-1;-1>
read - <-1;-1>
( - <-1;-1>
id - <7;0>
) - <-1;-1>
; - <-1;-1>
read - <-1;-1>
( - <-1;-1>
id - <8;0>
) - <-1;-1>
; - <-1;-1>
integer - <-1;-1>
id - <2;0>
, - <-1;-1>
id - <18;0>
; - <-1;-1>
while - <-1;-1>
( - <-1;-1>
id - <8;0>
!= - <-1;-1>
const - <0;0>
) - <-1;-1>
{ - <-1;-1>
id - <18;0>
= - <-1;-1>
id - <8;0>
; - <-1;-1>
id - <8;0>
= - <-1;-1>
id - <7;0>
% - <-1;-1>
id - <8;0>
; - <-1;-1>
id - <7;0>
= - <-1;-1>
id - <18;0>
; - <-1;-1>
} - <-1;-1>
id - <2;0>
= - <-1;-1>
id - <7;0>
; - <-1;-1>
print - <-1;-1>
( - <-1;-1>
const - <7;0>
) - <-1;-1>
; - <-1;-1>
print - <-1;-1>
( - <-1;-1>
id - <2;0>
) - <-1;-1>
; - <-1;-1>
