id - <18;0>
id - <25;0>
< - <-1;-1>
id - <0;0>
> - <-1;-1>
id - <7;0>
[ - <-1;-1>
const - <10;0>
] - <-1;-1>
; - <-1;-1>
id - <0;0>
id - <22;0>
, - <-1;-1>
id - <20;0>
; - <-1;-1>
id - <22;1>
( - <-1;-1>
id - <20;0>
) - <-1;-1>
; - <-1;-1>
id - <22;0>
= - <-1;-1>
const - <0;0>
; - <-1;-1>
id - <27;0>
( - <-1;-1>
id - <0;0>
id - <15;0>
= - <-1;-1>
const - <0;0>
; - <-1;-1>
id - <15;0>
< - <-1;-1>
id - <20;0>
; - <-1;-1>
id - <15;0>
= - <-1;-1>
id - <15;0>
+ - <-1;-1>
const - <1;0>
) - <-1;-1>
{ - <-1;-1>
id - <22;1>
( - <-1;-1>
id - <7;0>
[ - <-1;-1>
id - <15;0>
] - <-1;-1>
) - <-1;-1>
; - <-1;-1>
} - <-1;-1>
id - <27;0>
( - <-1;-1>
id - <0;0>
id - <15;0>
= - <-1;-1>
const - <0;0>
; - <-1;-1>
id - <15;0>
< - <-1;-1>
id - <20;0>
; - <-1;-1>
id - <15;0>
= - <-1;-1>
id - <15;0>
+ - <-1;-1>
const - <1;0>
) - <-1;-1>
{ - <-1;-1>
id - <27;1>
( - <-1;-1>
id - <7;0>
[ - <-1;-1>
id - <15;0>
] - <-1;-1>
% - <-1;-1>
const - <2;0>
== - <-1;-1>
const - <0;0>
) - <-1;-1>
{ - <-1;-1>
id - <22;0>
= - <-1;-1>
id - <22;0>
+ - <-1;-1>
const - <1;0>
; - <-1;-1>
} - <-1;-1>
} - <-1;-1>
id - <17;0>
( - <-1;-1>
const - <8;0>
) - <-1;-1>
id - <17;0>
( - <-1;-1>
id - <22;0>
) - <-1;-1>
; - <-1;-1>
