id - <18;0>
id - <0;0>
id - <7;0>
; - <-1;-1>
id - <22;0>
( - <-1;-1>
id - <7;0>
) - <-1;-1>
; - <-1;-1>
id - <0;0>
id - <11;0>
; - <-1;-1>
id - <11;0>
= - <-1;-1>
const - <0;0>
; - <-1;-1>
id - <27;0>
( - <-1;-1>
id - <0;0>
id - <15;0>
= - <-1;-1>
const - <1;0>
; - <-1;-1>
id - <15;0>
< - <-1;-1>
id - <7;0>
; - <-1;-1>
id - <15;0>
= - <-1;-1>
id - <15;0>
+ - <-1;-1>
const - <1;0>
) - <-1;-1>
{ - <-1;-1>
id - <11;0>
= - <-1;-1>
id - <11;0>
+ - <-1;-1>
id - <15;0>
; - <-1;-1>
} - <-1;-1>
id - <17;0>
( - <-1;-1>
id - <11;0>
) - <-1;-1>
; - <-1;-1>
